app/build/outputs/apk/manifest-merger-debug-report.txt
-- Merging decision tree log ---
manifest
ADDED from AndroidManifest.xml:2:1
	xmlns:android
		ADDED from AndroidManifest.xml:2:11
	package
		ADDED from AndroidManifest.xml:3:5
		INJECTED from AndroidManifest.xml:0:0
		INJECTED from AndroidManifest.xml:0:0
	android:versionName
		ADDED from AndroidManifest.xml:5:5
	android:versionCode
		ADDED from AndroidManifest.xml:4:5
		INJECTED from AndroidManifest.xml:0:0
		INJECTED from AndroidManifest.xml:0:0
uses-feature#android.hardware.camera
ADDED from AndroidManifest.xml:7:5
	android:required
		ADDED from AndroidManifest.xml:8:19
	android:name
		ADDED from AndroidManifest.xml:7:19
uses-permission#android.permission.WRITE_EXTERNAL_STORAGE
ADDED from AndroidManifest.xml:10:5
	android:name
		ADDED from AndroidManifest.xml:10:22
uses-permission#android.permission.VIBRATE
ADDED from AndroidManifest.xml:11:6
	android:name
		ADDED from AndroidManifest.xml:11:23
uses-sdk
ADDED from AndroidManifest.xml:13:5
	android:targetSdkVersion
		ADDED from AndroidManifest.xml:15:9
		INJECTED from AndroidManifest.xml:0:0
		INJECTED from AndroidManifest.xml:0:0
	android:minSdkVersion
		ADDED from AndroidManifest.xml:14:9
		INJECTED from AndroidManifest.xml:0:0
		INJECTED from AndroidManifest.xml:0:0
application
ADDED from AndroidManifest.xml:18:5
	android:label
		ADDED from AndroidManifest.xml:21:9
	android:allowBackup
		ADDED from AndroidManifest.xml:19:9
	android:icon
		ADDED from AndroidManifest.xml:20:9
	android:theme
		ADDED from AndroidManifest.xml:22:9
provider#com.example.selfieproject.provider.PhotoContentProvider
ADDED from AndroidManifest.xml:24:9
	android:exported
		ADDED from AndroidManifest.xml:27:4
	android:authorities
		ADDED from AndroidManifest.xml:25:4
	android:name
		ADDED from AndroidManifest.xml:26:4
activity#com.example.selfieproject.main_activity
ADDED from AndroidManifest.xml:29:9
	android:name
		ADDED from AndroidManifest.xml:30:13
activity#com.example.selfieproject.PhotoListActivity
ADDED from AndroidManifest.xml:31:9
	android:label
		ADDED from AndroidManifest.xml:35:4
	android:configChanges
		ADDED from AndroidManifest.xml:36:4
	android:clearTaskOnLaunch
		ADDED from AndroidManifest.xml:33:4
	android:name
		ADDED from AndroidManifest.xml:34:4
	android:launchMode
		ADDED from AndroidManifest.xml:32:13
intent-filter#android.intent.action.MAIN+android.intent.category.LAUNCHER
ADDED from AndroidManifest.xml:37:13
action#android.intent.action.MAIN
ADDED from AndroidManifest.xml:38:17
	android:name
		ADDED from AndroidManifest.xml:38:25
category#android.intent.category.LAUNCHER
ADDED from AndroidManifest.xml:40:17
	android:name
		ADDED from AndroidManifest.xml:40:27
receiver#com.example.selfieproject.PhotoAlarmReceiver
ADDED from AndroidManifest.xml:44:9
	android:name
		ADDED from AndroidManifest.xml:44:19
receiver#com.example.selfieproject.AlarmLoggerReceiver
ADDED from AndroidManifest.xml:47:9
	android:name
		ADDED from AndroidManifest.xml:47:19